{"level":"info","message":"Hello from Acquisitions","service":"acquisitions-api"}
{"level":"info","message":"::1 - - [10/Nov/2025:10:05:01 +0000] \"GET / HTTP/1.1\" 304 - \"-\" \"Mozilla/5.0 (Windows NT 10.0; Win64; x64) AppleWebKit/537.36 (KHTML, like Gecko) Chrome/141.0.0.0 Safari/537.36\"","service":"acquisitions-api"}
{"level":"info","message":"Hello from Acquisitions","service":"acquisitions-api"}
{"level":"info","message":"::1 - - [10/Nov/2025:21:47:53 +0000] \"GET / HTTP/1.1\" 200 23 \"-\" \"Mozilla/5.0 (Windows NT 10.0; Win64; x64) AppleWebKit/537.36 (KHTML, like Gecko) Chrome/142.0.0.0 Safari/537.36\"","service":"acquisitions-api"}
{"level":"info","message":"::1 - - [10/Nov/2025:21:47:53 +0000] \"GET /favicon.ico HTTP/1.1\" 404 150 \"-\" \"Mozilla/5.0 (Windows NT 10.0; Win64; x64) AppleWebKit/537.36 (KHTML, like Gecko) Chrome/142.0.0.0 Safari/537.36\"","service":"acquisitions-api"}
{"level":"info","message":"Hello from Acquisitions","service":"acquisitions-api"}
{"level":"info","message":"::1 - - [10/Nov/2025:22:02:31 +0000] \"GET / HTTP/1.1\" 200 23 \"-\" \"HTTPie\"","service":"acquisitions-api"}
{"level":"info","message":"::1 - - [10/Nov/2025:22:03:34 +0000] \"GET /api HTTP/1.1\" 200 42 \"-\" \"HTTPie\"","service":"acquisitions-api"}
{"level":"info","message":"::1 - - [10/Nov/2025:22:03:44 +0000] \"GET /health HTTP/1.1\" 200 75 \"-\" \"HTTPie\"","service":"acquisitions-api"}
{"level":"info","message":"::1 - - [10/Nov/2025:22:04:09 +0000] \"POST /api/auth/sign-in HTTP/1.1\" 200 31 \"-\" \"HTTPie\"","service":"acquisitions-api"}
{"level":"info","message":"::1 - - [11/Nov/2025:22:05:59 +0000] \"POST /api/auth/sign-up HTTP/1.1\" 400 92 \"-\" \"HTTPie\"","service":"acquisitions-api"}
{"level":"info","message":"User ${newUser.email} created successfully","service":"acquisitions-api"}
{"level":"info","message":"User registered successfully: admin@gmail.com","service":"acquisitions-api"}
{"level":"info","message":"::1 - - [11/Nov/2025:22:08:38 +0000] \"POST /api/auth/sign-up HTTP/1.1\" 201 101 \"-\" \"HTTPie\"","service":"acquisitions-api"}
{"level":"info","message":"User ${newUser.email} created successfully","service":"acquisitions-api"}
{"level":"info","message":"User registered successfully: john@gmail.com","service":"acquisitions-api"}
{"level":"info","message":"::1 - - [11/Nov/2025:22:09:33 +0000] \"POST /api/auth/sign-up HTTP/1.1\" 201 98 \"-\" \"HTTPie\"","service":"acquisitions-api"}
{"cause":{"code":"23505","constraint":"users_email_unique","detail":"Key (email)=(john@gmail.com) already exists.","file":"nbtinsert.c","line":"667","name":"NeonDbError","routine":"_bt_check_unique","schema":"public","severity":"ERROR","table":"users"},"level":"error","message":"Error creating user: Failed query: insert into \"users\" (\"id\", \"name\", \"email\", \"password\", \"role\", \"created_at\", \"updated_at\") values (default, $1, $2, $3, $4, default, default) returning \"id\", \"name\", \"email\", \"role\", \"created_at\"\nparams: John,john@gmail.com,$2b$10$T7y/2h.djK6Yo1fXsXp9UeBrfPzQ8OWDekPOa8T5IEyQoYc03GUTe,user","params":["John","john@gmail.com","$2b$10$T7y/2h.djK6Yo1fXsXp9UeBrfPzQ8OWDekPOa8T5IEyQoYc03GUTe","user"],"query":"insert into \"users\" (\"id\", \"name\", \"email\", \"password\", \"role\", \"created_at\", \"updated_at\") values (default, $1, $2, $3, $4, default, default) returning \"id\", \"name\", \"email\", \"role\", \"created_at\"","service":"acquisitions-api","stack":"Error: Failed query: insert into \"users\" (\"id\", \"name\", \"email\", \"password\", \"role\", \"created_at\", \"updated_at\") values (default, $1, $2, $3, $4, default, default) returning \"id\", \"name\", \"email\", \"role\", \"created_at\"\nparams: John,john@gmail.com,$2b$10$T7y/2h.djK6Yo1fXsXp9UeBrfPzQ8OWDekPOa8T5IEyQoYc03GUTe,user\n    at NeonHttpPreparedQuery.queryWithCache (file:///E:/Armen/acquisitions/node_modules/drizzle-orm/pg-core/session.js:41:15)\n    at process.processTicksAndRejections (node:internal/process/task_queues:105:5)\n    at async NeonHttpPreparedQuery.execute (file:///E:/Armen/acquisitions/node_modules/drizzle-orm/neon-http/session.js:45:20)\n    at async createUser (file:///E:/Armen/acquisitions/src/services/auth.service.js:24:27)\n    at async signup (file:///E:/Armen/acquisitions/src/controllers/auth.controller.js:21:22)"}
{"cause":{"code":"23505","constraint":"users_email_unique","detail":"Key (email)=(john@gmail.com) already exists.","file":"nbtinsert.c","line":"667","name":"NeonDbError","routine":"_bt_check_unique","schema":"public","severity":"ERROR","table":"users"},"level":"error","message":"Error in signup controller: Failed query: insert into \"users\" (\"id\", \"name\", \"email\", \"password\", \"role\", \"created_at\", \"updated_at\") values (default, $1, $2, $3, $4, default, default) returning \"id\", \"name\", \"email\", \"role\", \"created_at\"\nparams: John,john@gmail.com,$2b$10$T7y/2h.djK6Yo1fXsXp9UeBrfPzQ8OWDekPOa8T5IEyQoYc03GUTe,user","params":["John","john@gmail.com","$2b$10$T7y/2h.djK6Yo1fXsXp9UeBrfPzQ8OWDekPOa8T5IEyQoYc03GUTe","user"],"query":"insert into \"users\" (\"id\", \"name\", \"email\", \"password\", \"role\", \"created_at\", \"updated_at\") values (default, $1, $2, $3, $4, default, default) returning \"id\", \"name\", \"email\", \"role\", \"created_at\"","service":"acquisitions-api","stack":"Error: Failed query: insert into \"users\" (\"id\", \"name\", \"email\", \"password\", \"role\", \"created_at\", \"updated_at\") values (default, $1, $2, $3, $4, default, default) returning \"id\", \"name\", \"email\", \"role\", \"created_at\"\nparams: John,john@gmail.com,$2b$10$T7y/2h.djK6Yo1fXsXp9UeBrfPzQ8OWDekPOa8T5IEyQoYc03GUTe,user\n    at NeonHttpPreparedQuery.queryWithCache (file:///E:/Armen/acquisitions/node_modules/drizzle-orm/pg-core/session.js:41:15)\n    at process.processTicksAndRejections (node:internal/process/task_queues:105:5)\n    at async NeonHttpPreparedQuery.execute (file:///E:/Armen/acquisitions/node_modules/drizzle-orm/neon-http/session.js:45:20)\n    at async createUser (file:///E:/Armen/acquisitions/src/services/auth.service.js:24:27)\n    at async signup (file:///E:/Armen/acquisitions/src/controllers/auth.controller.js:21:22)"}
{"level":"info","message":"::1 - - [11/Nov/2025:22:09:34 +0000] \"POST /api/auth/sign-up HTTP/1.1\" 500 1156 \"-\" \"HTTPie\"","service":"acquisitions-api"}
{"level":"info","message":"User ${newUser.email} created successfully","service":"acquisitions-api"}
{"level":"info","message":"User registered successfully: johanes@gmail.com","service":"acquisitions-api"}
{"level":"info","message":"::1 - - [11/Nov/2025:22:12:09 +0000] \"POST /api/auth/sign-up HTTP/1.1\" 201 104 \"-\" \"HTTPie\"","service":"acquisitions-api"}
{"level":"info","message":"User johanes@gmail.com authenticated successfully","service":"acquisitions-api"}
{"level":"info","message":"User signed in successfully: johanes@gmail.com","service":"acquisitions-api"}
{"level":"info","message":"::1 - - [12/Nov/2025:09:03:13 +0000] \"POST /api/auth/sign-in HTTP/1.1\" 200 116 \"-\" \"HTTPie\"","service":"acquisitions-api"}
{"level":"info","message":"User signed out successfully","service":"acquisitions-api"}
{"level":"info","message":"::1 - - [12/Nov/2025:09:03:35 +0000] \"POST /api/auth/sign-out HTTP/1.1\" 200 42 \"-\" \"HTTPie\"","service":"acquisitions-api"}
{"level":"info","message":"::1 - - [12/Nov/2025:10:17:56 +0000] \"POST /health HTTP/1.1\" 404 146 \"-\" \"HTTPie\"","service":"acquisitions-api"}
{"level":"info","message":"::1 - - [12/Nov/2025:10:18:04 +0000] \"GET /health HTTP/1.1\" 200 72 \"-\" \"HTTPie\"","service":"acquisitions-api"}
{"level":"info","message":"::1 - - [12/Nov/2025:10:18:09 +0000] \"GET /health HTTP/1.1\" 200 74 \"-\" \"HTTPie\"","service":"acquisitions-api"}
{"level":"info","message":"::1 - - [12/Nov/2025:10:18:10 +0000] \"GET /health HTTP/1.1\" 200 74 \"-\" \"HTTPie\"","service":"acquisitions-api"}
{"level":"info","message":"::1 - - [12/Nov/2025:10:18:10 +0000] \"GET /health HTTP/1.1\" 200 73 \"-\" \"HTTPie\"","service":"acquisitions-api"}
{"level":"info","message":"::1 - - [12/Nov/2025:10:18:10 +0000] \"GET /health HTTP/1.1\" 200 74 \"-\" \"HTTPie\"","service":"acquisitions-api"}
{"ip":"::1","level":"warn","message":"Rate limit exceeded","path":"/health","service":"acquisitions-api","userAgent":"HTTPie"}
{"level":"info","message":"::1 - - [12/Nov/2025:10:18:11 +0000] \"GET /health HTTP/1.1\" 403 51 \"-\" \"HTTPie\"","service":"acquisitions-api"}
{"ip":"::1","level":"warn","message":"Rate limit exceeded","path":"/health","service":"acquisitions-api","userAgent":"HTTPie"}
{"level":"info","message":"::1 - - [12/Nov/2025:10:18:11 +0000] \"GET /health HTTP/1.1\" 403 51 \"-\" \"HTTPie\"","service":"acquisitions-api"}
{"ip":"::1","level":"warn","message":"Rate limit exceeded","path":"/health","service":"acquisitions-api","userAgent":"HTTPie"}
{"level":"info","message":"::1 - - [12/Nov/2025:10:18:11 +0000] \"GET /health HTTP/1.1\" 403 51 \"-\" \"HTTPie\"","service":"acquisitions-api"}
{"level":"info","message":"::1 - - [12/Nov/2025:10:21:35 +0000] \"GET /health HTTP/1.1\" 200 75 \"-\" \"HTTPie\"","service":"acquisitions-api"}
{"level":"info","message":"::1 - - [12/Nov/2025:12:56:03 +0000] \"GET /health HTTP/1.1\" 200 75 \"-\" \"-\"","service":"acquisitions-api"}
{"level":"info","message":"::1 - - [12/Nov/2025:12:56:33 +0000] \"GET /health HTTP/1.1\" 200 76 \"-\" \"-\"","service":"acquisitions-api"}
{"level":"info","message":"::1 - - [12/Nov/2025:12:57:04 +0000] \"GET /health HTTP/1.1\" 200 76 \"-\" \"-\"","service":"acquisitions-api"}
{"level":"info","message":"::1 - - [12/Nov/2025:12:57:34 +0000] \"GET /health HTTP/1.1\" 200 76 \"-\" \"-\"","service":"acquisitions-api"}
{"level":"info","message":"::1 - - [12/Nov/2025:12:58:04 +0000] \"GET /health HTTP/1.1\" 200 77 \"-\" \"-\"","service":"acquisitions-api"}
{"level":"info","message":"::1 - - [12/Nov/2025:12:58:34 +0000] \"GET /health HTTP/1.1\" 200 77 \"-\" \"-\"","service":"acquisitions-api"}
{"level":"info","message":"::1 - - [12/Nov/2025:12:59:04 +0000] \"GET /health HTTP/1.1\" 200 77 \"-\" \"-\"","service":"acquisitions-api"}
{"level":"info","message":"::1 - - [12/Nov/2025:12:59:34 +0000] \"GET /health HTTP/1.1\" 200 76 \"-\" \"-\"","service":"acquisitions-api"}
{"level":"info","message":"::1 - - [12/Nov/2025:13:00:04 +0000] \"GET /health HTTP/1.1\" 200 77 \"-\" \"-\"","service":"acquisitions-api"}
{"level":"info","message":"::1 - - [12/Nov/2025:13:00:35 +0000] \"GET /health HTTP/1.1\" 200 77 \"-\" \"-\"","service":"acquisitions-api"}
{"level":"info","message":"::1 - - [12/Nov/2025:13:01:05 +0000] \"GET /health HTTP/1.1\" 200 77 \"-\" \"-\"","service":"acquisitions-api"}
{"level":"info","message":"::1 - - [12/Nov/2025:13:01:35 +0000] \"GET /health HTTP/1.1\" 200 77 \"-\" \"-\"","service":"acquisitions-api"}
{"level":"info","message":"::1 - - [12/Nov/2025:13:02:05 +0000] \"GET /health HTTP/1.1\" 200 76 \"-\" \"-\"","service":"acquisitions-api"}
{"level":"info","message":"::1 - - [12/Nov/2025:13:02:36 +0000] \"GET /health HTTP/1.1\" 200 77 \"-\" \"-\"","service":"acquisitions-api"}
{"level":"info","message":"Hello from Acquisitions","service":"acquisitions-api"}
{"level":"info","message":"::ffff:172.18.0.1 - - [12/Nov/2025:13:03:00 +0000] \"GET / HTTP/1.1\" 200 23 \"-\" \"Mozilla/5.0 (Windows NT 10.0; Win64; x64) AppleWebKit/537.36 (KHTML, like Gecko) Chrome/142.0.0.0 Safari/537.36\"","service":"acquisitions-api"}
{"level":"info","message":"::1 - - [12/Nov/2025:13:03:06 +0000] \"GET /health HTTP/1.1\" 200 76 \"-\" \"-\"","service":"acquisitions-api"}
{"level":"info","message":"::1 - - [12/Nov/2025:13:03:36 +0000] \"GET /health HTTP/1.1\" 200 77 \"-\" \"-\"","service":"acquisitions-api"}
{"level":"info","message":"::1 - - [12/Nov/2025:13:04:06 +0000] \"GET /health HTTP/1.1\" 200 77 \"-\" \"-\"","service":"acquisitions-api"}
{"level":"info","message":"::1 - - [12/Nov/2025:13:14:51 +0000] \"GET /health HTTP/1.1\" 200 75 \"-\" \"Acquisitions-HealthCheck\"","service":"acquisitions-api"}
{"level":"info","message":"Hello from Acquisitions","service":"acquisitions-api"}
{"level":"info","message":"::ffff:172.18.0.1 - - [12/Nov/2025:13:15:01 +0000] \"GET / HTTP/1.1\" 304 - \"-\" \"Mozilla/5.0 (Windows NT 10.0; Win64; x64) AppleWebKit/537.36 (KHTML, like Gecko) Chrome/142.0.0.0 Safari/537.36\"","service":"acquisitions-api"}
{"level":"info","message":"::1 - - [12/Nov/2025:13:15:22 +0000] \"GET /health HTTP/1.1\" 200 76 \"-\" \"Acquisitions-HealthCheck\"","service":"acquisitions-api"}
{"level":"info","message":"::1 - - [12/Nov/2025:13:15:52 +0000] \"GET /health HTTP/1.1\" 200 75 \"-\" \"Acquisitions-HealthCheck\"","service":"acquisitions-api"}
{"level":"info","message":"Hello from Acquisitions","service":"acquisitions-api"}
{"level":"info","message":"::ffff:172.18.0.1 - - [12/Nov/2025:13:16:16 +0000] \"GET / HTTP/1.1\" 200 23 \"-\" \"HTTPie\"","service":"acquisitions-api"}
{"level":"info","message":"::ffff:172.18.0.1 - - [12/Nov/2025:13:16:22 +0000] \"GET /health HTTP/1.1\" 200 76 \"-\" \"HTTPie\"","service":"acquisitions-api"}
{"level":"info","message":"::1 - - [12/Nov/2025:13:16:22 +0000] \"GET /health HTTP/1.1\" 200 76 \"-\" \"Acquisitions-HealthCheck\"","service":"acquisitions-api"}
{"level":"info","message":"::1 - - [12/Nov/2025:13:16:53 +0000] \"GET /health HTTP/1.1\" 200 77 \"-\" \"Acquisitions-HealthCheck\"","service":"acquisitions-api"}
{"level":"info","message":"::1 - - [12/Nov/2025:13:17:23 +0000] \"GET /health HTTP/1.1\" 200 77 \"-\" \"Acquisitions-HealthCheck\"","service":"acquisitions-api"}
{"level":"info","message":"::1 - - [12/Nov/2025:13:17:53 +0000] \"GET /health HTTP/1.1\" 200 77 \"-\" \"Acquisitions-HealthCheck\"","service":"acquisitions-api"}
{"level":"info","message":"::1 - - [12/Nov/2025:13:18:23 +0000] \"GET /health HTTP/1.1\" 200 77 \"-\" \"Acquisitions-HealthCheck\"","service":"acquisitions-api"}
{"level":"info","message":"::1 - - [12/Nov/2025:13:18:53 +0000] \"GET /health HTTP/1.1\" 200 77 \"-\" \"Acquisitions-HealthCheck\"","service":"acquisitions-api"}
{"level":"info","message":"::1 - - [12/Nov/2025:13:19:23 +0000] \"GET /health HTTP/1.1\" 200 77 \"-\" \"Acquisitions-HealthCheck\"","service":"acquisitions-api"}
{"level":"info","message":"::1 - - [12/Nov/2025:13:19:54 +0000] \"GET /health HTTP/1.1\" 200 77 \"-\" \"Acquisitions-HealthCheck\"","service":"acquisitions-api"}
{"level":"info","message":"::1 - - [12/Nov/2025:13:20:24 +0000] \"GET /health HTTP/1.1\" 200 77 \"-\" \"Acquisitions-HealthCheck\"","service":"acquisitions-api"}
{"level":"info","message":"::1 - - [12/Nov/2025:13:20:54 +0000] \"GET /health HTTP/1.1\" 200 77 \"-\" \"Acquisitions-HealthCheck\"","service":"acquisitions-api"}
{"level":"info","message":"::1 - - [12/Nov/2025:13:21:24 +0000] \"GET /health HTTP/1.1\" 200 77 \"-\" \"Acquisitions-HealthCheck\"","service":"acquisitions-api"}
{"level":"info","message":"::1 - - [12/Nov/2025:13:21:54 +0000] \"GET /health HTTP/1.1\" 200 77 \"-\" \"Acquisitions-HealthCheck\"","service":"acquisitions-api"}
{"level":"info","message":"::1 - - [12/Nov/2025:13:22:24 +0000] \"GET /health HTTP/1.1\" 200 77 \"-\" \"Acquisitions-HealthCheck\"","service":"acquisitions-api"}
{"level":"info","message":"::1 - - [12/Nov/2025:13:22:55 +0000] \"GET /health HTTP/1.1\" 200 77 \"-\" \"Acquisitions-HealthCheck\"","service":"acquisitions-api"}
{"level":"info","message":"::1 - - [12/Nov/2025:13:23:25 +0000] \"GET /health HTTP/1.1\" 200 77 \"-\" \"Acquisitions-HealthCheck\"","service":"acquisitions-api"}
{"level":"info","message":"::1 - - [12/Nov/2025:13:23:55 +0000] \"GET /health HTTP/1.1\" 200 77 \"-\" \"Acquisitions-HealthCheck\"","service":"acquisitions-api"}
{"level":"info","message":"::1 - - [12/Nov/2025:13:24:25 +0000] \"GET /health HTTP/1.1\" 200 77 \"-\" \"Acquisitions-HealthCheck\"","service":"acquisitions-api"}
{"level":"info","message":"::1 - - [12/Nov/2025:13:24:56 +0000] \"GET /health HTTP/1.1\" 200 77 \"-\" \"Acquisitions-HealthCheck\"","service":"acquisitions-api"}
{"level":"info","message":"::1 - - [12/Nov/2025:13:25:26 +0000] \"GET /health HTTP/1.1\" 200 77 \"-\" \"Acquisitions-HealthCheck\"","service":"acquisitions-api"}
{"level":"info","message":"::1 - - [12/Nov/2025:13:25:56 +0000] \"GET /health HTTP/1.1\" 200 77 \"-\" \"Acquisitions-HealthCheck\"","service":"acquisitions-api"}
{"level":"info","message":"::1 - - [12/Nov/2025:13:26:26 +0000] \"GET /health HTTP/1.1\" 200 77 \"-\" \"Acquisitions-HealthCheck\"","service":"acquisitions-api"}
{"level":"info","message":"::1 - - [12/Nov/2025:13:26:57 +0000] \"GET /health HTTP/1.1\" 200 77 \"-\" \"Acquisitions-HealthCheck\"","service":"acquisitions-api"}
{"level":"info","message":"::1 - - [12/Nov/2025:13:27:28 +0000] \"GET /health HTTP/1.1\" 200 77 \"-\" \"Acquisitions-HealthCheck\"","service":"acquisitions-api"}
{"level":"info","message":"::1 - - [12/Nov/2025:13:27:58 +0000] \"GET /health HTTP/1.1\" 200 77 \"-\" \"Acquisitions-HealthCheck\"","service":"acquisitions-api"}
{"level":"info","message":"::1 - - [12/Nov/2025:13:28:28 +0000] \"GET /health HTTP/1.1\" 200 77 \"-\" \"Acquisitions-HealthCheck\"","service":"acquisitions-api"}
{"level":"info","message":"::1 - - [12/Nov/2025:13:28:58 +0000] \"GET /health HTTP/1.1\" 200 77 \"-\" \"Acquisitions-HealthCheck\"","service":"acquisitions-api"}
{"level":"info","message":"::1 - - [12/Nov/2025:13:29:29 +0000] \"GET /health HTTP/1.1\" 200 77 \"-\" \"Acquisitions-HealthCheck\"","service":"acquisitions-api"}
{"level":"info","message":"::1 - - [12/Nov/2025:13:29:59 +0000] \"GET /health HTTP/1.1\" 200 77 \"-\" \"Acquisitions-HealthCheck\"","service":"acquisitions-api"}
{"level":"info","message":"::1 - - [12/Nov/2025:13:30:29 +0000] \"GET /health HTTP/1.1\" 200 76 \"-\" \"Acquisitions-HealthCheck\"","service":"acquisitions-api"}
{"level":"info","message":"::1 - - [12/Nov/2025:13:30:59 +0000] \"GET /health HTTP/1.1\" 200 77 \"-\" \"Acquisitions-HealthCheck\"","service":"acquisitions-api"}
{"level":"info","message":"::1 - - [12/Nov/2025:15:01:03 +0000] \"GET /health HTTP/1.1\" 200 78 \"-\" \"Acquisitions-HealthCheck\"","service":"acquisitions-api"}
{"level":"info","message":"::1 - - [12/Nov/2025:15:02:35 +0000] \"GET /health HTTP/1.1\" 200 75 \"-\" \"-\"","service":"acquisitions-api"}
{"level":"info","message":"::1 - - [12/Nov/2025:15:03:05 +0000] \"GET /health HTTP/1.1\" 200 76 \"-\" \"-\"","service":"acquisitions-api"}
{"level":"info","message":"::1 - - [12/Nov/2025:15:03:35 +0000] \"GET /health HTTP/1.1\" 200 76 \"-\" \"-\"","service":"acquisitions-api"}
{"level":"info","message":"::ffff:172.18.0.1 - - [12/Nov/2025:15:03:51 +0000] \"POST /api/auth/sign-up HTTP/1.1\" 400 91 \"-\" \"HTTPie\"","service":"acquisitions-api"}
{"level":"error","message":"Error creating the user: Error: Failed query: select \"id\", \"name\", \"email\", \"password\", \"role\", \"created_at\", \"updated_at\" from \"users\" where \"users\".\"email\" = $1 limit $2\nparams: a@gmail.com,1","service":"acquisitions-api"}
{"cause":{"name":"NeonDbError","sourceError":{}},"level":"error","message":"Signup error Failed query: select \"id\", \"name\", \"email\", \"password\", \"role\", \"created_at\", \"updated_at\" from \"users\" where \"users\".\"email\" = $1 limit $2\nparams: a@gmail.com,1","params":["a@gmail.com",1],"query":"select \"id\", \"name\", \"email\", \"password\", \"role\", \"created_at\", \"updated_at\" from \"users\" where \"users\".\"email\" = $1 limit $2","service":"acquisitions-api","stack":"Error: Failed query: select \"id\", \"name\", \"email\", \"password\", \"role\", \"created_at\", \"updated_at\" from \"users\" where \"users\".\"email\" = $1 limit $2\nparams: a@gmail.com,1\n    at NeonHttpPreparedQuery.queryWithCache (file:///app/node_modules/drizzle-orm/pg-core/session.js:41:15)\n    at process.processTicksAndRejections (node:internal/process/task_queues:105:5)\n    at async NeonHttpPreparedQuery.execute (file:///app/node_modules/drizzle-orm/neon-http/session.js:45:20)\n    at async createUser (file:///app/src/services/auth.service.js:27:26)\n    at async signup (file:///app/src/controllers/auth.controller.js:21:18)"}
{"level":"info","message":"::ffff:172.18.0.1 - - [12/Nov/2025:15:03:57 +0000] \"POST /api/auth/sign-up HTTP/1.1\" 500 911 \"-\" \"HTTPie\"","service":"acquisitions-api"}
{"level":"info","message":"::1 - - [12/Nov/2025:15:04:06 +0000] \"GET /health HTTP/1.1\" 200 75 \"-\" \"-\"","service":"acquisitions-api"}
{"level":"info","message":"::1 - - [12/Nov/2025:15:04:36 +0000] \"GET /health HTTP/1.1\" 200 77 \"-\" \"-\"","service":"acquisitions-api"}
{"level":"info","message":"::1 - - [12/Nov/2025:15:05:06 +0000] \"GET /health HTTP/1.1\" 200 77 \"-\" \"-\"","service":"acquisitions-api"}
{"level":"info","message":"::1 - - [12/Nov/2025:15:05:37 +0000] \"GET /health HTTP/1.1\" 200 77 \"-\" \"-\"","service":"acquisitions-api"}
{"level":"info","message":"::1 - - [12/Nov/2025:15:06:07 +0000] \"GET /health HTTP/1.1\" 200 77 \"-\" \"-\"","service":"acquisitions-api"}
{"level":"info","message":"::1 - - [12/Nov/2025:15:06:37 +0000] \"GET /health HTTP/1.1\" 200 77 \"-\" \"-\"","service":"acquisitions-api"}
{"level":"info","message":"::1 - - [12/Nov/2025:15:07:08 +0000] \"GET /health HTTP/1.1\" 200 77 \"-\" \"-\"","service":"acquisitions-api"}
{"level":"info","message":"::1 - - [12/Nov/2025:15:07:38 +0000] \"GET /health HTTP/1.1\" 200 77 \"-\" \"-\"","service":"acquisitions-api"}
{"level":"info","message":"::1 - - [12/Nov/2025:15:08:09 +0000] \"GET /health HTTP/1.1\" 200 77 \"-\" \"-\"","service":"acquisitions-api"}
{"level":"info","message":"::1 - - [12/Nov/2025:15:08:39 +0000] \"GET /health HTTP/1.1\" 200 77 \"-\" \"-\"","service":"acquisitions-api"}
{"level":"info","message":"::1 - - [12/Nov/2025:15:11:35 +0000] \"GET /health HTTP/1.1\" 200 75 \"-\" \"-\"","service":"acquisitions-api"}
{"level":"info","message":"::1 - - [12/Nov/2025:15:12:05 +0000] \"GET /health HTTP/1.1\" 200 76 \"-\" \"-\"","service":"acquisitions-api"}
{"level":"error","message":"Error creating the user: Error: Failed query: select \"id\", \"name\", \"email\", \"password\", \"role\", \"created_at\", \"updated_at\" from \"users\" where \"users\".\"email\" = $1 limit $2\nparams: a@gmail.com,1","service":"acquisitions-api"}
{"cause":{"name":"NeonDbError","sourceError":{}},"level":"error","message":"Signup error Failed query: select \"id\", \"name\", \"email\", \"password\", \"role\", \"created_at\", \"updated_at\" from \"users\" where \"users\".\"email\" = $1 limit $2\nparams: a@gmail.com,1","params":["a@gmail.com",1],"query":"select \"id\", \"name\", \"email\", \"password\", \"role\", \"created_at\", \"updated_at\" from \"users\" where \"users\".\"email\" = $1 limit $2","service":"acquisitions-api","stack":"Error: Failed query: select \"id\", \"name\", \"email\", \"password\", \"role\", \"created_at\", \"updated_at\" from \"users\" where \"users\".\"email\" = $1 limit $2\nparams: a@gmail.com,1\n    at NeonHttpPreparedQuery.queryWithCache (file:///app/node_modules/drizzle-orm/pg-core/session.js:41:15)\n    at process.processTicksAndRejections (node:internal/process/task_queues:105:5)\n    at async NeonHttpPreparedQuery.execute (file:///app/node_modules/drizzle-orm/neon-http/session.js:45:20)\n    at async createUser (file:///app/src/services/auth.service.js:27:26)\n    at async signup (file:///app/src/controllers/auth.controller.js:21:18)"}
{"level":"info","message":"::ffff:172.18.0.1 - - [12/Nov/2025:15:12:15 +0000] \"POST /api/auth/sign-up HTTP/1.1\" 500 911 \"-\" \"HTTPie\"","service":"acquisitions-api"}
{"level":"info","message":"::1 - - [12/Nov/2025:15:12:35 +0000] \"GET /health HTTP/1.1\" 200 76 \"-\" \"-\"","service":"acquisitions-api"}
{"level":"error","message":"Error creating the user: Error: Failed query: select \"id\", \"name\", \"email\", \"password\", \"role\", \"created_at\", \"updated_at\" from \"users\" where \"users\".\"email\" = $1 limit $2\nparams: a@gmail.com,1","service":"acquisitions-api"}
{"cause":{"name":"NeonDbError","sourceError":{}},"level":"error","message":"Signup error Failed query: select \"id\", \"name\", \"email\", \"password\", \"role\", \"created_at\", \"updated_at\" from \"users\" where \"users\".\"email\" = $1 limit $2\nparams: a@gmail.com,1","params":["a@gmail.com",1],"query":"select \"id\", \"name\", \"email\", \"password\", \"role\", \"created_at\", \"updated_at\" from \"users\" where \"users\".\"email\" = $1 limit $2","service":"acquisitions-api","stack":"Error: Failed query: select \"id\", \"name\", \"email\", \"password\", \"role\", \"created_at\", \"updated_at\" from \"users\" where \"users\".\"email\" = $1 limit $2\nparams: a@gmail.com,1\n    at NeonHttpPreparedQuery.queryWithCache (file:///app/node_modules/drizzle-orm/pg-core/session.js:41:15)\n    at process.processTicksAndRejections (node:internal/process/task_queues:105:5)\n    at async NeonHttpPreparedQuery.execute (file:///app/node_modules/drizzle-orm/neon-http/session.js:45:20)\n    at async createUser (file:///app/src/services/auth.service.js:27:26)\n    at async signup (file:///app/src/controllers/auth.controller.js:21:18)"}
{"level":"info","message":"::ffff:172.18.0.1 - - [12/Nov/2025:15:12:36 +0000] \"POST /api/auth/sign-up HTTP/1.1\" 500 911 \"-\" \"HTTPie\"","service":"acquisitions-api"}
{"level":"info","message":"::1 - - [12/Nov/2025:15:13:06 +0000] \"GET /health HTTP/1.1\" 200 76 \"-\" \"-\"","service":"acquisitions-api"}
{"level":"info","message":"::1 - - [12/Nov/2025:15:13:36 +0000] \"GET /health HTTP/1.1\" 200 77 \"-\" \"-\"","service":"acquisitions-api"}
{"level":"info","message":"::1 - - [12/Nov/2025:15:14:06 +0000] \"GET /health HTTP/1.1\" 200 77 \"-\" \"-\"","service":"acquisitions-api"}
{"level":"error","message":"Error creating the user: Error: Failed query: select \"id\", \"name\", \"email\", \"password\", \"role\", \"created_at\", \"updated_at\" from \"users\" where \"users\".\"email\" = $1 limit $2\nparams: a@gmail.com,1","service":"acquisitions-api"}
{"cause":{"name":"NeonDbError","sourceError":{}},"level":"error","message":"Signup error Failed query: select \"id\", \"name\", \"email\", \"password\", \"role\", \"created_at\", \"updated_at\" from \"users\" where \"users\".\"email\" = $1 limit $2\nparams: a@gmail.com,1","params":["a@gmail.com",1],"query":"select \"id\", \"name\", \"email\", \"password\", \"role\", \"created_at\", \"updated_at\" from \"users\" where \"users\".\"email\" = $1 limit $2","service":"acquisitions-api","stack":"Error: Failed query: select \"id\", \"name\", \"email\", \"password\", \"role\", \"created_at\", \"updated_at\" from \"users\" where \"users\".\"email\" = $1 limit $2\nparams: a@gmail.com,1\n    at NeonHttpPreparedQuery.queryWithCache (file:///app/node_modules/drizzle-orm/pg-core/session.js:41:15)\n    at process.processTicksAndRejections (node:internal/process/task_queues:105:5)\n    at async NeonHttpPreparedQuery.execute (file:///app/node_modules/drizzle-orm/neon-http/session.js:45:20)\n    at async createUser (file:///app/src/services/auth.service.js:27:26)\n    at async signup (file:///app/src/controllers/auth.controller.js:21:18)"}
{"level":"info","message":"::ffff:172.18.0.1 - - [12/Nov/2025:15:14:29 +0000] \"POST /api/auth/sign-up HTTP/1.1\" 500 911 \"-\" \"HTTPie\"","service":"acquisitions-api"}
{"level":"info","message":"::1 - - [12/Nov/2025:15:14:36 +0000] \"GET /health HTTP/1.1\" 200 77 \"-\" \"-\"","service":"acquisitions-api"}
{"level":"info","message":"::1 - - [12/Nov/2025:15:15:07 +0000] \"GET /health HTTP/1.1\" 200 77 \"-\" \"-\"","service":"acquisitions-api"}
{"level":"info","message":"::1 - - [12/Nov/2025:15:15:38 +0000] \"GET /health HTTP/1.1\" 200 77 \"-\" \"-\"","service":"acquisitions-api"}
{"level":"info","message":"::1 - - [12/Nov/2025:15:16:08 +0000] \"GET /health HTTP/1.1\" 200 77 \"-\" \"-\"","service":"acquisitions-api"}
{"level":"info","message":"::1 - - [12/Nov/2025:15:16:39 +0000] \"GET /health HTTP/1.1\" 200 77 \"-\" \"-\"","service":"acquisitions-api"}
{"level":"info","message":"::1 - - [12/Nov/2025:15:17:09 +0000] \"GET /health HTTP/1.1\" 200 77 \"-\" \"-\"","service":"acquisitions-api"}
{"level":"info","message":"::1 - - [12/Nov/2025:15:17:39 +0000] \"GET /health HTTP/1.1\" 200 76 \"-\" \"-\"","service":"acquisitions-api"}
{"level":"info","message":"::1 - - [12/Nov/2025:15:18:10 +0000] \"GET /health HTTP/1.1\" 200 77 \"-\" \"-\"","service":"acquisitions-api"}
{"level":"info","message":"::1 - - [12/Nov/2025:15:18:40 +0000] \"GET /health HTTP/1.1\" 200 77 \"-\" \"-\"","service":"acquisitions-api"}
{"level":"info","message":"::1 - - [12/Nov/2025:15:19:10 +0000] \"GET /health HTTP/1.1\" 200 77 \"-\" \"-\"","service":"acquisitions-api"}
{"level":"info","message":"::1 - - [12/Nov/2025:15:19:40 +0000] \"GET /health HTTP/1.1\" 200 77 \"-\" \"-\"","service":"acquisitions-api"}
{"level":"error","message":"Error creating the user: Error: Failed query: select \"id\", \"name\", \"email\", \"password\", \"role\", \"created_at\", \"updated_at\" from \"users\" where \"users\".\"email\" = $1 limit $2\nparams: a@gmail.com,1","service":"acquisitions-api"}
{"cause":{"name":"NeonDbError","sourceError":{}},"level":"error","message":"Signup error Failed query: select \"id\", \"name\", \"email\", \"password\", \"role\", \"created_at\", \"updated_at\" from \"users\" where \"users\".\"email\" = $1 limit $2\nparams: a@gmail.com,1","params":["a@gmail.com",1],"query":"select \"id\", \"name\", \"email\", \"password\", \"role\", \"created_at\", \"updated_at\" from \"users\" where \"users\".\"email\" = $1 limit $2","service":"acquisitions-api","stack":"Error: Failed query: select \"id\", \"name\", \"email\", \"password\", \"role\", \"created_at\", \"updated_at\" from \"users\" where \"users\".\"email\" = $1 limit $2\nparams: a@gmail.com,1\n    at NeonHttpPreparedQuery.queryWithCache (file:///app/node_modules/drizzle-orm/pg-core/session.js:41:15)\n    at process.processTicksAndRejections (node:internal/process/task_queues:105:5)\n    at async NeonHttpPreparedQuery.execute (file:///app/node_modules/drizzle-orm/neon-http/session.js:45:20)\n    at async createUser (file:///app/src/services/auth.service.js:27:26)\n    at async signup (file:///app/src/controllers/auth.controller.js:21:18)"}
{"level":"info","message":"::ffff:172.18.0.1 - - [12/Nov/2025:15:19:45 +0000] \"POST /api/auth/sign-up HTTP/1.1\" 500 911 \"-\" \"HTTPie\"","service":"acquisitions-api"}
{"level":"error","message":"Error creating the user: Error: Failed query: select \"id\", \"name\", \"email\", \"password\", \"role\", \"created_at\", \"updated_at\" from \"users\" where \"users\".\"email\" = $1 limit $2\nparams: a@gmail.com,1","service":"acquisitions-api"}
{"cause":{"name":"NeonDbError","sourceError":{}},"level":"error","message":"Signup error Failed query: select \"id\", \"name\", \"email\", \"password\", \"role\", \"created_at\", \"updated_at\" from \"users\" where \"users\".\"email\" = $1 limit $2\nparams: a@gmail.com,1","params":["a@gmail.com",1],"query":"select \"id\", \"name\", \"email\", \"password\", \"role\", \"created_at\", \"updated_at\" from \"users\" where \"users\".\"email\" = $1 limit $2","service":"acquisitions-api","stack":"Error: Failed query: select \"id\", \"name\", \"email\", \"password\", \"role\", \"created_at\", \"updated_at\" from \"users\" where \"users\".\"email\" = $1 limit $2\nparams: a@gmail.com,1\n    at NeonHttpPreparedQuery.queryWithCache (file:///app/node_modules/drizzle-orm/pg-core/session.js:41:15)\n    at process.processTicksAndRejections (node:internal/process/task_queues:105:5)\n    at async NeonHttpPreparedQuery.execute (file:///app/node_modules/drizzle-orm/neon-http/session.js:45:20)\n    at async createUser (file:///app/src/services/auth.service.js:27:26)\n    at async signup (file:///app/src/controllers/auth.controller.js:21:18)"}
{"level":"info","message":"::ffff:172.18.0.1 - - [12/Nov/2025:15:20:00 +0000] \"POST /api/auth/sign-up HTTP/1.1\" 500 911 \"-\" \"HTTPie\"","service":"acquisitions-api"}
{"level":"info","message":"::1 - - [12/Nov/2025:15:25:46 +0000] \"GET /health HTTP/1.1\" 200 75 \"-\" \"-\"","service":"acquisitions-api"}
{"level":"info","message":"::1 - - [12/Nov/2025:15:26:16 +0000] \"GET /health HTTP/1.1\" 200 76 \"-\" \"-\"","service":"acquisitions-api"}
{"level":"info","message":"::1 - - [12/Nov/2025:15:26:47 +0000] \"GET /health HTTP/1.1\" 200 75 \"-\" \"-\"","service":"acquisitions-api"}
{"level":"info","message":"::1 - - [12/Nov/2025:15:27:17 +0000] \"GET /health HTTP/1.1\" 200 76 \"-\" \"-\"","service":"acquisitions-api"}
{"level":"info","message":"::1 - - [12/Nov/2025:15:27:47 +0000] \"GET /health HTTP/1.1\" 200 77 \"-\" \"-\"","service":"acquisitions-api"}
{"level":"info","message":"::1 - - [12/Nov/2025:15:28:17 +0000] \"GET /health HTTP/1.1\" 200 77 \"-\" \"-\"","service":"acquisitions-api"}
{"level":"info","message":"::1 - - [12/Nov/2025:15:28:48 +0000] \"GET /health HTTP/1.1\" 200 77 \"-\" \"-\"","service":"acquisitions-api"}
{"level":"info","message":"::1 - - [12/Nov/2025:15:29:18 +0000] \"GET /health HTTP/1.1\" 200 77 \"-\" \"-\"","service":"acquisitions-api"}
{"level":"info","message":"::1 - - [12/Nov/2025:15:29:48 +0000] \"GET /health HTTP/1.1\" 200 77 \"-\" \"-\"","service":"acquisitions-api"}
{"level":"info","message":"::1 - - [12/Nov/2025:15:30:19 +0000] \"GET /health HTTP/1.1\" 200 77 \"-\" \"-\"","service":"acquisitions-api"}
{"level":"info","message":"User a@gmail.com created successfully","service":"acquisitions-api"}
{"level":"info","message":"User registered successfully: a@gmail.com","service":"acquisitions-api"}
{"level":"info","message":"::ffff:172.18.0.1 - - [12/Nov/2025:15:30:19 +0000] \"POST /api/auth/sign-up HTTP/1.1\" 201 95 \"-\" \"HTTPie\"","service":"acquisitions-api"}
{"level":"info","message":"::1 - - [12/Nov/2025:15:30:49 +0000] \"GET /health HTTP/1.1\" 200 77 \"-\" \"-\"","service":"acquisitions-api"}
{"level":"info","message":"::1 - - [12/Nov/2025:15:31:19 +0000] \"GET /health HTTP/1.1\" 200 76 \"-\" \"-\"","service":"acquisitions-api"}
{"level":"info","message":"::1 - - [12/Nov/2025:15:31:50 +0000] \"GET /health HTTP/1.1\" 200 77 \"-\" \"-\"","service":"acquisitions-api"}
{"level":"info","message":"::1 - - [12/Nov/2025:15:32:20 +0000] \"GET /health HTTP/1.1\" 200 77 \"-\" \"-\"","service":"acquisitions-api"}
{"level":"info","message":"::1 - - [12/Nov/2025:15:32:50 +0000] \"GET /health HTTP/1.1\" 200 77 \"-\" \"-\"","service":"acquisitions-api"}
{"level":"info","message":"::1 - - [12/Nov/2025:15:33:21 +0000] \"GET /health HTTP/1.1\" 200 77 \"-\" \"-\"","service":"acquisitions-api"}
{"level":"info","message":"::1 - - [12/Nov/2025:15:33:51 +0000] \"GET /health HTTP/1.1\" 200 77 \"-\" \"-\"","service":"acquisitions-api"}
{"level":"info","message":"::1 - - [12/Nov/2025:15:34:21 +0000] \"GET /health HTTP/1.1\" 200 77 \"-\" \"-\"","service":"acquisitions-api"}
